<?xml version="1.0" encoding="UTF-8"?>
<testsuite name="ComputerRepairRequestTest" tests="1" skipped="0" failures="0" errors="0" timestamp="2025-03-03T08:56:23" hostname="dans-MacBook-Pro-2.local" time="0.007">
  <properties/>
  <testcase name="First Test" classname="ComputerRepairRequestTest" time="0.007"/>
  <system-out><![CDATA[]]></system-out>
  <system-err><![CDATA[]]></system-err>
</testsuite>
